<?xml version="1.0" encoding="UTF-8"?>
<!-- Generated by org.testng.reporters.JUnitReportReporter -->
<testsuite hostname="LENOVO" failures="0" tests="1" name="TestCases.VerifyLoginPage" time="43.236" errors="0" timestamp="2023-02-17T22:13:24 IST" skipped="0">
  <testcase classname="TestCases.VerifyLoginPage" name="login" time="43.236"/>
  <system-out/>
</testsuite> <!-- TestCases.VerifyLoginPage -->
